begin with
xiaomei
[2019-09-12 20:55:24.580501]
D:\jingpin\wav\female\chenluxin1\chenluxin1@chenluxin1Z01_0043.wav
<begin>
D:\jingpin\wav\female\chenluxin1\chenluxin1@chenluxin1Z01_0086.wav
<end>
[2019-09-12 20:55:29.824492]
D:\jingpin\wav\female\chenluxin1\chenluxin1@chenluxin1Z01_0044.wav
<begin>
D:\jingpin\wav\female\chenluxin1\chenluxin1@chenluxin1Z01_0087.wav
<end>
[2019-09-12 20:55:34.875212]
D:\jingpin\wav\female\chenluxin1\chenluxin1@chenluxin1Z01_0045.wav
<begin>
D:\jingpin\wav\female\chenluxin1\chenluxin1@chenluxin1Z01_0088.wav
<end>
[2019-09-12 20:55:39.923384]
D:\jingpin\wav\female\chenluxin1\chenluxin1@chenluxin1Z01_0046.wav
<begin>
D:\jingpin\wav\female\chenluxin\chenluxin@chenluxinZ01_0089.wav
<end>
[2019-09-12 20:55:45.001557]
D:\jingpin\wav\female\chenluxin1\chenluxin1@chenluxin1Z01_0047.wav
<begin>
D:\jingpin\wav\female\chenluxin1\chenluxin1@chenluxin1Z01_0090.wav
<end>
[2019-09-12 20:55:50.081725]
D:\jingpin\wav\female\chenluxin1\chenluxin1@chenluxin1Z01_0048.wav
<begin>
D:\jingpin\wav\female\chenluxin1\chenluxin1@chenluxin1Z01_0091.wav
<end>
[2019-09-12 20:55:55.137315]
D:\jingpin\wav\female\chenluxin1\chenluxin1@chenluxin1Z01_0049.wav
<begin>
D:\jingpin\wav\female\jjli2\jjli2@jjli2Z01_0043.wav
<end>
[2019-09-12 20:56:00.186208]
D:\jingpin\wav\female\chenluxin1\chenluxin1@chenluxin1Z01_0050.wav
<begin>
D:\jingpin\wav\female\jjli2\jjli2@jjli2Z01_0044.wav
<end>
[2019-09-12 20:56:05.236444]
D:\jingpin\wav\female\chenluxin1\chenluxin1@chenluxin1Z01_0051.wav
<begin>
D:\jingpin\wav\female\jjli2\jjli2@jjli2Z01_0045.wav
<end>
[2019-09-12 20:56:10.334494]
D:\jingpin\wav\female\chenluxin1\chenluxin1@chenluxin1Z01_0052.wav
<begin>
D:\jingpin\wav\female\jjli2\jjli2@jjli2Z01_0046.wav
<end>
[2019-09-12 20:56:15.378553]
D:\jingpin\wav\female\chenluxin1\chenluxin1@chenluxin1Z01_0053.wav
<begin>
D:\jingpin\wav\female\jjli2\jjli2@jjli2Z01_0047.wav
<end>
[2019-09-12 20:56:20.479012]
D:\jingpin\wav\female\chenluxin1\chenluxin1@chenluxin1Z01_0054.wav
<begin>
D:\jingpin\wav\female\jjli2\jjli2@jjli2Z01_0048.wav
<end>
[2019-09-12 20:56:25.528950]
D:\jingpin\wav\female\chenluxin1\chenluxin1@chenluxin1Z01_0056.wav
<begin>
D:\jingpin\wav\female\jjli2\jjli2@jjli2Z01_0050.wav
<end>
[2019-09-12 20:56:30.592153]
D:\jingpin\wav\female\chenluxin1\chenluxin1@chenluxin1Z01_0057.wav
<begin>
D:\jingpin\wav\female\jjli2\jjli2@jjli2Z01_0051.wav
<end>
[2019-09-12 20:56:35.639338]
D:\jingpin\wav\female\chenluxin1\chenluxin1@chenluxin1Z01_0058.wav
<begin>
D:\jingpin\wav\female\jjli2\jjli2@jjli2Z01_0052.wav
<end>
[2019-09-12 20:56:41.601309]
D:\jingpin\wav\female\chenluxin1\chenluxin1@chenluxin1Z01_0059.wav
<begin>
D:\jingpin\wav\female\jjli2\jjli2@jjli2Z01_0053.wav
<end>
[2019-09-12 20:56:47.568426]
D:\jingpin\wav\female\chenluxin1\chenluxin1@chenluxin1Z01_0060.wav
<begin>
D:\jingpin\wav\female\jjli2\jjli2@jjli2Z01_0054.wav
<end>
[2019-09-12 20:56:52.616733]
D:\jingpin\wav\female\chenluxin1\chenluxin1@chenluxin1Z01_0061.wav
<begin>
D:\jingpin\wav\female\jjli2\jjli2@jjli2Z01_0056.wav
<end>
[2019-09-12 20:56:58.598369]
D:\jingpin\wav\female\chenluxin1\chenluxin1@chenluxin1Z01_0062.wav
<begin>
D:\jingpin\wav\female\jjli2\jjli2@jjli2Z01_0057.wav
<end>
[2019-09-12 20:57:04.571052]
D:\jingpin\wav\female\chenluxin1\chenluxin1@chenluxin1Z01_0063.wav
<begin>
D:\jingpin\wav\female\jjli2\jjli2@jjli2Z01_0058.wav
<end>
[2019-09-12 20:57:09.636758]
D:\jingpin\wav\female\chenluxin1\chenluxin1@chenluxin1Z01_0064.wav
<begin>
D:\jingpin\wav\female\jjli2\jjli2@jjli2Z01_0059.wav
<end>
[2019-09-12 20:57:14.679997]
D:\jingpin\wav\female\chenluxin1\chenluxin1@chenluxin1Z01_0065.wav
<begin>
D:\jingpin\wav\female\jjli2\jjli2@jjli2Z01_0060.wav
<end>
[2019-09-12 20:57:19.730841]
D:\jingpin\wav\female\chenluxin1\chenluxin1@chenluxin1Z01_0066.wav
<begin>
D:\jingpin\wav\female\jjli2\jjli2@jjli2Z01_0061.wav
<end>
[2019-09-12 20:57:24.792511]
D:\jingpin\wav\female\chenluxin1\chenluxin1@chenluxin1Z01_0067.wav
<begin>
D:\jingpin\wav\female\jjli2\jjli2@jjli2Z01_0062.wav
<end>
[2019-09-12 20:57:29.875306]
D:\jingpin\wav\female\chenluxin1\chenluxin1@chenluxin1Z01_0068.wav
<begin>
D:\jingpin\wav\female\jjli2\jjli2@jjli2Z01_0063.wav
<end>
[2019-09-12 20:57:34.929364]
D:\jingpin\wav\female\chenluxin1\chenluxin1@chenluxin1Z01_0069.wav
<begin>
D:\jingpin\wav\female\jjli2\jjli2@jjli2Z01_0064.wav
<end>
[2019-09-12 20:57:39.977247]
D:\jingpin\wav\female\chenluxin1\chenluxin1@chenluxin1Z01_0070.wav
<begin>
D:\jingpin\wav\female\jjli2\jjli2@jjli2Z01_0065.wav
<end>
[2019-09-12 20:57:45.023928]
D:\jingpin\wav\female\chenluxin1\chenluxin1@chenluxin1Z01_0071.wav
<begin>
D:\jingpin\wav\female\jjli2\jjli2@jjli2Z01_0066.wav
<end>
[2019-09-12 20:57:50.068299]
D:\jingpin\wav\female\chenluxin1\chenluxin1@chenluxin1Z01_0072.wav
<begin>
D:\jingpin\wav\female\jjli2\jjli2@jjli2Z01_0067.wav
<end>
[2019-09-12 20:57:55.116929]
D:\jingpin\wav\female\chenluxin1\chenluxin1@chenluxin1Z01_0073.wav
<begin>
D:\jingpin\wav\female\jjli2\jjli2@jjli2Z01_0068.wav
<end>
[2019-09-12 20:58:00.216458]
D:\jingpin\wav\female\chenluxin1\chenluxin1@chenluxin1Z01_0074.wav
<begin>
D:\jingpin\wav\female\jjli2\jjli2@jjli2Z01_0069.wav
<end>
[2019-09-12 20:58:05.750462]
D:\jingpin\wav\female\chenluxin1\chenluxin1@chenluxin1Z01_0075.wav
<begin>
D:\jingpin\wav\female\jjli2\jjli2@jjli2Z01_0070.wav
<end>
[2019-09-12 20:58:11.255250]
D:\jingpin\wav\female\chenluxin1\chenluxin1@chenluxin1Z01_0076.wav
<begin>
D:\jingpin\wav\female\jjli2\jjli2@jjli2Z01_0071.wav
<end>
[2019-09-12 20:58:16.316341]
D:\jingpin\wav\female\chenluxin1\chenluxin1@chenluxin1Z01_0077.wav
<begin>
D:\jingpin\wav\female\jjli2\jjli2@jjli2Z01_0072.wav
<end>
[2019-09-12 20:58:21.379192]
D:\jingpin\wav\female\chenluxin1\chenluxin1@chenluxin1Z01_0078.wav
<begin>
D:\jingpin\wav\female\jjli2\jjli2@jjli2Z01_0073.wav
<end>
[2019-09-12 20:58:26.446222]
D:\jingpin\wav\female\chenluxin1\chenluxin1@chenluxin1Z01_0079.wav
<begin>
D:\jingpin\wav\female\jjli2\jjli2@jjli2Z01_0074.wav
<end>
[2019-09-12 20:58:31.497496]
D:\jingpin\wav\female\chenluxin1\chenluxin1@chenluxin1Z01_0080.wav
<begin>
D:\jingpin\wav\female\jjli2\jjli2@jjli2Z01_0075.wav
<end>
[2019-09-12 20:58:36.545257]
D:\jingpin\wav\female\chenluxin\chenluxin@chenluxinZ01_0081.wav
<begin>
D:\jingpin\wav\female\jjli2\jjli2@jjli2Z01_0076.wav
<end>
[2019-09-12 20:58:41.596687]
D:\jingpin\wav\female\chenluxin1\chenluxin1@chenluxin1Z01_0082.wav
<begin>
D:\jingpin\wav\female\jjli2\jjli2@jjli2Z01_0077.wav
<end>
[2019-09-12 20:58:46.644591]
D:\jingpin\wav\female\chenluxin1\chenluxin1@chenluxin1Z01_0083.wav
<begin>
D:\jingpin\wav\female\jjli2\jjli2@jjli2Z01_0078.wav
<end>
[2019-09-12 20:58:51.700610]
D:\jingpin\wav\female\chenluxin1\chenluxin1@chenluxin1Z01_0084.wav
<begin>
D:\jingpin\wav\female\jjli2\jjli2@jjli2Z01_0079.wav
<end>
[2019-09-12 20:58:56.779727]
D:\jingpin\wav\female\chenluxin1\chenluxin1@chenluxin1Z01_0085.wav
<begin>
D:\jingpin\wav\female\jjli2\jjli2@jjli2Z01_0080.wav
<end>
[2019-09-12 20:59:01.889961]
D:\jingpin\wav\female\chenluxin1\chenluxin1@chenluxin1Z01_0086.wav
<begin>
D:\jingpin\wav\female\jjli2\jjli2@jjli2Z01_0081.wav
<end>
[2019-09-12 20:59:06.936664]
D:\jingpin\wav\female\chenluxin1\chenluxin1@chenluxin1Z01_0087.wav
<begin>
D:\jingpin\wav\female\jjli2\jjli2@jjli2Z01_0082.wav
<end>
[2019-09-12 20:59:11.998559]
D:\jingpin\wav\female\chenluxin1\chenluxin1@chenluxin1Z01_0088.wav
<begin>
D:\jingpin\wav\female\jjli2\jjli2@jjli2Z01_0083.wav
<end>
[2019-09-12 20:59:17.048937]
D:\jingpin\wav\female\chenluxin\chenluxin@chenluxinZ01_0089.wav
<begin>
D:\jingpin\wav\female\jjli2\jjli2@jjli2Z01_0084.wav
<end>
[2019-09-12 20:59:22.094515]
D:\jingpin\wav\female\chenluxin1\chenluxin1@chenluxin1Z01_0090.wav
<begin>
D:\jingpin\wav\female\jjli2\jjli2@jjli2Z01_0085.wav
<end>
[2019-09-12 20:59:27.147382]
D:\jingpin\wav\female\chenluxin1\chenluxin1@chenluxin1Z01_0091.wav
<begin>
D:\jingpin\wav\female\jjli2\jjli2@jjli2Z01_0086.wav
<end>
[2019-09-12 20:59:32.217716]
D:\jingpin\wav\female\jjli2\jjli2@jjli2Z01_0043.wav
<begin>
D:\jingpin\wav\female\chenluxin1\chenluxin1@chenluxin1Z01_0086.wav
<end>
[2019-09-12 20:59:37.266860]
D:\jingpin\wav\female\jjli2\jjli2@jjli2Z01_0044.wav
<begin>
D:\jingpin\wav\female\chenluxin1\chenluxin1@chenluxin1Z01_0087.wav
<end>
[2019-09-12 20:59:42.313195]
D:\jingpin\wav\female\jjli2\jjli2@jjli2Z01_0045.wav
<begin>
D:\jingpin\wav\female\chenluxin1\chenluxin1@chenluxin1Z01_0088.wav
<end>
[2019-09-12 20:59:47.414400]
D:\jingpin\wav\female\jjli2\jjli2@jjli2Z01_0046.wav
<begin>
D:\jingpin\wav\female\chenluxin\chenluxin@chenluxinZ01_0089.wav
<end>
[2019-09-12 20:59:52.469990]
D:\jingpin\wav\female\jjli2\jjli2@jjli2Z01_0047.wav
<begin>
D:\jingpin\wav\female\chenluxin1\chenluxin1@chenluxin1Z01_0090.wav
<end>
[2019-09-12 20:59:57.517892]
D:\jingpin\wav\female\jjli2\jjli2@jjli2Z01_0048.wav
<begin>
D:\jingpin\wav\female\chenluxin1\chenluxin1@chenluxin1Z01_0091.wav
<end>
[2019-09-12 21:00:02.564957]
D:\jingpin\wav\female\jjli2\jjli2@jjli2Z01_0049.wav
<begin>
D:\jingpin\wav\female\jjli2\jjli2@jjli2Z01_0043.wav
<end>
[2019-09-12 21:00:07.610033]
D:\jingpin\wav\female\jjli2\jjli2@jjli2Z01_0050.wav
<begin>
D:\jingpin\wav\female\jjli2\jjli2@jjli2Z01_0044.wav
<end>
[2019-09-12 21:00:12.658024]
D:\jingpin\wav\female\jjli2\jjli2@jjli2Z01_0051.wav
<begin>
D:\jingpin\wav\female\jjli2\jjli2@jjli2Z01_0045.wav
<end>
[2019-09-12 21:00:17.752670]
D:\jingpin\wav\female\jjli2\jjli2@jjli2Z01_0052.wav
<begin>
D:\jingpin\wav\female\jjli2\jjli2@jjli2Z01_0046.wav
<end>
[2019-09-12 21:00:22.796678]
D:\jingpin\wav\female\jjli2\jjli2@jjli2Z01_0053.wav
<begin>
D:\jingpin\wav\female\jjli2\jjli2@jjli2Z01_0047.wav
<end>
[2019-09-12 21:00:27.842225]
D:\jingpin\wav\female\jjli2\jjli2@jjli2Z01_0054.wav
<begin>
D:\jingpin\wav\female\jjli2\jjli2@jjli2Z01_0048.wav
<end>
[2019-09-12 21:00:32.889024]
D:\jingpin\wav\female\jjli2\jjli2@jjli2Z01_0056.wav
<begin>
D:\jingpin\wav\female\jjli2\jjli2@jjli2Z01_0050.wav
<end>
[2019-09-12 21:00:37.935749]
D:\jingpin\wav\female\jjli2\jjli2@jjli2Z01_0057.wav
<begin>
D:\jingpin\wav\female\jjli2\jjli2@jjli2Z01_0051.wav
<end>
[2019-09-12 21:00:42.981623]
D:\jingpin\wav\female\jjli2\jjli2@jjli2Z01_0058.wav
<begin>
D:\jingpin\wav\female\jjli2\jjli2@jjli2Z01_0052.wav
<end>
[2019-09-12 21:00:48.964265]
D:\jingpin\wav\female\jjli2\jjli2@jjli2Z01_0059.wav
<begin>
D:\jingpin\wav\female\jjli2\jjli2@jjli2Z01_0053.wav
<end>
[2019-09-12 21:00:54.928251]
D:\jingpin\wav\female\jjli2\jjli2@jjli2Z01_0060.wav
<begin>
D:\jingpin\wav\female\jjli2\jjli2@jjli2Z01_0054.wav
<end>
[2019-09-12 21:00:59.975820]
D:\jingpin\wav\female\jjli2\jjli2@jjli2Z01_0061.wav
<begin>
D:\jingpin\wav\female\jjli2\jjli2@jjli2Z01_0056.wav
<end>
[2019-09-12 21:01:05.951199]
D:\jingpin\wav\female\jjli2\jjli2@jjli2Z01_0062.wav
<begin>
D:\jingpin\wav\female\jjli2\jjli2@jjli2Z01_0057.wav
<end>
[2019-09-12 21:01:11.918711]
D:\jingpin\wav\female\jjli2\jjli2@jjli2Z01_0063.wav
<begin>
D:\jingpin\wav\female\jjli2\jjli2@jjli2Z01_0058.wav
<end>
[2019-09-12 21:01:16.970838]
D:\jingpin\wav\female\jjli2\jjli2@jjli2Z01_0064.wav
<begin>
D:\jingpin\wav\female\jjli2\jjli2@jjli2Z01_0059.wav
<end>
[2019-09-12 21:01:22.024632]
D:\jingpin\wav\female\jjli2\jjli2@jjli2Z01_0065.wav
<begin>
D:\jingpin\wav\female\jjli2\jjli2@jjli2Z01_0060.wav
<end>
[2019-09-12 21:01:27.077270]
D:\jingpin\wav\female\jjli2\jjli2@jjli2Z01_0066.wav
<begin>
D:\jingpin\wav\female\jjli2\jjli2@jjli2Z01_0061.wav
<end>
[2019-09-12 21:01:32.124672]
D:\jingpin\wav\female\jjli2\jjli2@jjli2Z01_0067.wav
<begin>
D:\jingpin\wav\female\jjli2\jjli2@jjli2Z01_0062.wav
<end>
[2019-09-12 21:01:37.190882]
D:\jingpin\wav\female\jjli2\jjli2@jjli2Z01_0068.wav
<begin>
D:\jingpin\wav\female\jjli2\jjli2@jjli2Z01_0063.wav
<end>
[2019-09-12 21:01:42.234337]
D:\jingpin\wav\female\jjli2\jjli2@jjli2Z01_0069.wav
<begin>
D:\jingpin\wav\female\jjli2\jjli2@jjli2Z01_0064.wav
<end>
[2019-09-12 21:01:47.293566]
D:\jingpin\wav\female\jjli2\jjli2@jjli2Z01_0070.wav
<begin>
D:\jingpin\wav\female\jjli2\jjli2@jjli2Z01_0065.wav
<end>
[2019-09-12 21:01:52.340782]
D:\jingpin\wav\female\jjli2\jjli2@jjli2Z01_0071.wav
<begin>
D:\jingpin\wav\female\jjli2\jjli2@jjli2Z01_0066.wav
<end>
[2019-09-12 21:01:57.389692]
D:\jingpin\wav\female\jjli2\jjli2@jjli2Z01_0072.wav
<begin>
D:\jingpin\wav\female\jjli2\jjli2@jjli2Z01_0067.wav
<end>
[2019-09-12 21:02:02.447756]
D:\jingpin\wav\female\jjli2\jjli2@jjli2Z01_0073.wav
<begin>
D:\jingpin\wav\female\jjli2\jjli2@jjli2Z01_0068.wav
<end>
[2019-09-12 21:02:07.544105]
D:\jingpin\wav\female\jjli2\jjli2@jjli2Z01_0074.wav
<begin>
D:\jingpin\wav\female\jjli2\jjli2@jjli2Z01_0069.wav
<end>
[2019-09-12 21:02:13.082657]
D:\jingpin\wav\female\jjli2\jjli2@jjli2Z01_0075.wav
<begin>
D:\jingpin\wav\female\jjli2\jjli2@jjli2Z01_0070.wav
<end>
[2019-09-12 21:02:18.621368]
D:\jingpin\wav\female\jjli2\jjli2@jjli2Z01_0076.wav
<begin>
D:\jingpin\wav\female\jjli2\jjli2@jjli2Z01_0071.wav
<end>
[2019-09-12 21:02:23.667246]
D:\jingpin\wav\female\jjli2\jjli2@jjli2Z01_0077.wav
<begin>
D:\jingpin\wav\female\jjli2\jjli2@jjli2Z01_0072.wav
<end>
[2019-09-12 21:02:28.724289]
D:\jingpin\wav\female\jjli2\jjli2@jjli2Z01_0078.wav
<begin>
D:\jingpin\wav\female\jjli2\jjli2@jjli2Z01_0073.wav
<end>
[2019-09-12 21:02:33.767782]
D:\jingpin\wav\female\jjli2\jjli2@jjli2Z01_0079.wav
<begin>
D:\jingpin\wav\female\jjli2\jjli2@jjli2Z01_0074.wav
<end>
[2019-09-12 21:02:38.826161]
D:\jingpin\wav\female\jjli2\jjli2@jjli2Z01_0080.wav
<begin>
D:\jingpin\wav\female\jjli2\jjli2@jjli2Z01_0075.wav
<end>
[2019-09-12 21:02:43.879395]
D:\jingpin\wav\female\jjli2\jjli2@jjli2Z01_0081.wav
<begin>
D:\jingpin\wav\female\jjli2\jjli2@jjli2Z01_0076.wav
<end>
[2019-09-12 21:02:48.922414]
D:\jingpin\wav\female\jjli2\jjli2@jjli2Z01_0082.wav
<begin>
D:\jingpin\wav\female\jjli2\jjli2@jjli2Z01_0077.wav
<end>
[2019-09-12 21:02:53.964742]
D:\jingpin\wav\female\jjli2\jjli2@jjli2Z01_0083.wav
<begin>
D:\jingpin\wav\female\jjli2\jjli2@jjli2Z01_0078.wav
<end>
[2019-09-12 21:02:59.041556]
D:\jingpin\wav\female\jjli2\jjli2@jjli2Z01_0084.wav
<begin>
D:\jingpin\wav\female\jjli2\jjli2@jjli2Z01_0079.wav
<end>
[2019-09-12 21:03:04.086043]
D:\jingpin\wav\female\jjli2\jjli2@jjli2Z01_0085.wav
<begin>
D:\jingpin\wav\female\jjli2\jjli2@jjli2Z01_0080.wav
<end>
[2019-09-12 21:03:09.138469]
D:\jingpin\wav\female\jjli2\jjli2@jjli2Z01_0086.wav
<begin>
D:\jingpin\wav\female\jjli2\jjli2@jjli2Z01_0081.wav
<end>
[2019-09-12 21:03:14.188757]
D:\jingpin\wav\female\jjli2\jjli2@jjli2Z01_0087.wav
<begin>
D:\jingpin\wav\female\jjli2\jjli2@jjli2Z01_0082.wav
<end>
[2019-09-12 21:03:19.247611]
D:\jingpin\wav\female\jjli2\jjli2@jjli2Z01_0088.wav
<begin>
D:\jingpin\wav\female\jjli2\jjli2@jjli2Z01_0083.wav
<end>
[2019-09-12 21:03:24.307707]
D:\jingpin\wav\female\jjli2\jjli2@jjli2Z01_0089.wav
<begin>
D:\jingpin\wav\female\jjli2\jjli2@jjli2Z01_0084.wav
<end>
[2019-09-12 21:03:29.371508]
D:\jingpin\wav\female\jjli2\jjli2@jjli2Z01_0090.wav
<begin>
D:\jingpin\wav\female\jjli2\jjli2@jjli2Z01_0085.wav
<end>
[2019-09-12 21:03:34.416315]
D:\jingpin\wav\female\jjli2\jjli2@jjli2Z01_0091.wav
<begin>
D:\jingpin\wav\female\jjli2\jjli2@jjli2Z01_0086.wav
<end>
[2019-09-12 21:03:39.460845]
D:\jingpin\wav\female\lihua1\lihua1@lihua1Z01_0043.wav
<begin>
D:\jingpin\wav\female\chenluxin1\chenluxin1@chenluxin1Z01_0086.wav
<end>
[2019-09-12 21:03:44.516131]
D:\jingpin\wav\female\lihua1\lihua1@lihua1Z01_0044.wav
<begin>
D:\jingpin\wav\female\chenluxin1\chenluxin1@chenluxin1Z01_0087.wav
<end>
[2019-09-12 21:03:49.559512]
D:\jingpin\wav\female\lihua1\lihua1@lihua1Z01_0045.wav
<begin>
D:\jingpin\wav\female\chenluxin1\chenluxin1@chenluxin1Z01_0088.wav
<end>
[2019-09-12 21:03:54.605413]
D:\jingpin\wav\female\lihua1\lihua1@lihua1Z01_0046.wav
<begin>
D:\jingpin\wav\female\chenluxin\chenluxin@chenluxinZ01_0089.wav
<end>
[2019-09-12 21:03:59.654126]
D:\jingpin\wav\female\lihua1\lihua1@lihua1Z01_0047.wav
<begin>
D:\jingpin\wav\female\chenluxin1\chenluxin1@chenluxin1Z01_0090.wav
<end>
[2019-09-12 21:04:04.710665]
D:\jingpin\wav\female\lihua1\lihua1@lihua1Z01_0048.wav
<begin>
D:\jingpin\wav\female\chenluxin1\chenluxin1@chenluxin1Z01_0091.wav
<end>
[2019-09-12 21:04:09.759451]
D:\jingpin\wav\female\lihua1\lihua1@lihua1Z01_0049.wav
<begin>
D:\jingpin\wav\female\jjli2\jjli2@jjli2Z01_0043.wav
<end>
[2019-09-12 21:04:14.823059]
D:\jingpin\wav\female\lihua1\lihua1@lihua1Z01_0050.wav
<begin>
D:\jingpin\wav\female\jjli2\jjli2@jjli2Z01_0044.wav
<end>
[2019-09-12 21:04:19.875099]
D:\jingpin\wav\female\lihua1\lihua1@lihua1Z01_0051.wav
<begin>
D:\jingpin\wav\female\jjli2\jjli2@jjli2Z01_0045.wav
<end>
[2019-09-12 21:04:24.973331]
D:\jingpin\wav\female\lihua1\lihua1@lihua1Z01_0052.wav
<begin>
D:\jingpin\wav\female\jjli2\jjli2@jjli2Z01_0046.wav
<end>
[2019-09-12 21:04:30.025441]
D:\jingpin\wav\female\lihua1\lihua1@lihua1Z01_0053.wav
<begin>
D:\jingpin\wav\female\jjli2\jjli2@jjli2Z01_0047.wav
<end>
[2019-09-12 21:04:35.074810]
D:\jingpin\wav\female\lihua1\lihua1@lihua1Z01_0054.wav
<begin>
D:\jingpin\wav\female\jjli2\jjli2@jjli2Z01_0048.wav
<end>
[2019-09-12 21:04:40.117250]
D:\jingpin\wav\female\lihua1\lihua1@lihua1Z01_0056.wav
<begin>
D:\jingpin\wav\female\jjli2\jjli2@jjli2Z01_0050.wav
<end>
[2019-09-12 21:04:45.182755]
D:\jingpin\wav\female\lihua1\lihua1@lihua1Z01_0057.wav
<begin>
D:\jingpin\wav\female\jjli2\jjli2@jjli2Z01_0051.wav
<end>
[2019-09-12 21:04:50.230559]
D:\jingpin\wav\female\lihua1\lihua1@lihua1Z01_0058.wav
<begin>
D:\jingpin\wav\female\jjli2\jjli2@jjli2Z01_0052.wav
<end>
[2019-09-12 21:04:56.198626]
D:\jingpin\wav\female\lihua1\lihua1@lihua1Z01_0059.wav
<begin>
D:\jingpin\wav\female\jjli2\jjli2@jjli2Z01_0053.wav
<end>
[2019-09-12 21:05:02.182467]
D:\jingpin\wav\female\lihua1\lihua1@lihua1Z01_0060.wav
<begin>
D:\jingpin\wav\female\jjli2\jjli2@jjli2Z01_0054.wav
<end>
[2019-09-12 21:05:07.227377]
D:\jingpin\wav\female\lihua1\lihua1@lihua1Z01_0061.wav
<begin>
D:\jingpin\wav\female\jjli2\jjli2@jjli2Z01_0056.wav
<end>
[2019-09-12 21:05:13.202832]
D:\jingpin\wav\female\lihua1\lihua1@lihua1Z01_0062.wav
<begin>
D:\jingpin\wav\female\jjli2\jjli2@jjli2Z01_0057.wav
<end>
[2019-09-12 21:05:19.173282]
D:\jingpin\wav\female\lihua1\lihua1@lihua1Z01_0063.wav
<begin>
D:\jingpin\wav\female\jjli2\jjli2@jjli2Z01_0058.wav
<end>
[2019-09-12 21:05:24.229676]
D:\jingpin\wav\female\lihua1\lihua1@lihua1Z01_0064.wav
<begin>
D:\jingpin\wav\female\jjli2\jjli2@jjli2Z01_0059.wav
<end>
[2019-09-12 21:05:29.279502]
D:\jingpin\wav\female\lihua1\lihua1@lihua1Z01_0065.wav
<begin>
D:\jingpin\wav\female\jjli2\jjli2@jjli2Z01_0060.wav
<end>
[2019-09-12 21:05:34.332484]
D:\jingpin\wav\female\lihua1\lihua1@lihua1Z01_0066.wav
<begin>
D:\jingpin\wav\female\jjli2\jjli2@jjli2Z01_0061.wav
<end>
[2019-09-12 21:05:39.386895]
D:\jingpin\wav\female\lihua1\lihua1@lihua1Z01_0067.wav
<begin>
D:\jingpin\wav\female\jjli2\jjli2@jjli2Z01_0062.wav
<end>
[2019-09-12 21:05:44.451312]
D:\jingpin\wav\female\lihua1\lihua1@lihua1Z01_0068.wav
<begin>
D:\jingpin\wav\female\jjli2\jjli2@jjli2Z01_0063.wav
<end>
[2019-09-12 21:05:49.498154]
D:\jingpin\wav\female\lihua1\lihua1@lihua1Z01_0069.wav
<begin>
D:\jingpin\wav\female\jjli2\jjli2@jjli2Z01_0064.wav
<end>
[2019-09-12 21:05:54.567088]
D:\jingpin\wav\female\lihua1\lihua1@lihua1Z01_0070.wav
<begin>
D:\jingpin\wav\female\jjli2\jjli2@jjli2Z01_0065.wav
<end>
[2019-09-12 21:05:59.613109]
D:\jingpin\wav\female\lihua1\lihua1@lihua1Z01_0071.wav
<begin>
D:\jingpin\wav\female\jjli2\jjli2@jjli2Z01_0066.wav
<end>
[2019-09-12 21:06:04.663145]
D:\jingpin\wav\female\lihua1\lihua1@lihua1Z01_0072.wav
<begin>
D:\jingpin\wav\female\jjli2\jjli2@jjli2Z01_0067.wav
<end>
[2019-09-12 21:06:09.707528]
D:\jingpin\wav\female\lihua1\lihua1@lihua1Z01_0073.wav
<begin>
D:\jingpin\wav\female\jjli2\jjli2@jjli2Z01_0068.wav
<end>
[2019-09-12 21:06:14.811630]
D:\jingpin\wav\female\lihua1\lihua1@lihua1Z01_0074.wav
<begin>
D:\jingpin\wav\female\jjli2\jjli2@jjli2Z01_0069.wav
<end>
[2019-09-12 21:06:20.387047]
D:\jingpin\wav\female\lihua1\lihua1@lihua1Z01_0075.wav
<begin>
D:\jingpin\wav\female\jjli2\jjli2@jjli2Z01_0070.wav
<end>
[2019-09-12 21:06:25.918322]
D:\jingpin\wav\female\lihua1\lihua1@lihua1Z01_0076.wav
<begin>
D:\jingpin\wav\female\jjli2\jjli2@jjli2Z01_0071.wav
<end>
[2019-09-12 21:06:30.963202]
D:\jingpin\wav\female\lihua1\lihua1@lihua1Z01_0077.wav
<begin>
D:\jingpin\wav\female\jjli2\jjli2@jjli2Z01_0072.wav
<end>
[2019-09-12 21:06:36.042082]
D:\jingpin\wav\female\lihua1\lihua1@lihua1Z01_0078.wav
<begin>
D:\jingpin\wav\female\jjli2\jjli2@jjli2Z01_0073.wav
<end>
[2019-09-12 21:06:41.101292]
D:\jingpin\wav\female\lihua1\lihua1@lihua1Z01_0079.wav
<begin>
D:\jingpin\wav\female\jjli2\jjli2@jjli2Z01_0074.wav
<end>
[2019-09-12 21:06:46.147570]
D:\jingpin\wav\female\lihua1\lihua1@lihua1Z01_0080.wav
<begin>
D:\jingpin\wav\female\jjli2\jjli2@jjli2Z01_0075.wav
<end>
[2019-09-12 21:06:51.192713]
D:\jingpin\wav\female\lihua1\lihua1@lihua1Z01_0081.wav
<begin>
D:\jingpin\wav\female\jjli2\jjli2@jjli2Z01_0076.wav
<end>
[2019-09-12 21:06:56.240001]
D:\jingpin\wav\female\lihua1\lihua1@lihua1Z01_0082.wav
<begin>
D:\jingpin\wav\female\jjli2\jjli2@jjli2Z01_0077.wav
<end>
[2019-09-12 21:07:01.285728]
D:\jingpin\wav\female\lihua1\lihua1@lihua1Z01_0083.wav
<begin>
D:\jingpin\wav\female\jjli2\jjli2@jjli2Z01_0078.wav
<end>
[2019-09-12 21:07:06.333108]
D:\jingpin\wav\female\lihua1\lihua1@lihua1Z01_0084.wav
<begin>
D:\jingpin\wav\female\jjli2\jjli2@jjli2Z01_0079.wav
<end>
[2019-09-12 21:07:11.396842]
D:\jingpin\wav\female\lihua1\lihua1@lihua1Z01_0085.wav
<begin>
D:\jingpin\wav\female\jjli2\jjli2@jjli2Z01_0080.wav
<end>
[2019-09-12 21:07:16.461077]
D:\jingpin\wav\female\lihua1\lihua1@lihua1Z01_0086.wav
<begin>
D:\jingpin\wav\female\jjli2\jjli2@jjli2Z01_0081.wav
<end>
[2019-09-12 21:07:21.507846]
D:\jingpin\wav\female\lihua1\lihua1@lihua1Z01_0087.wav
<begin>
D:\jingpin\wav\female\jjli2\jjli2@jjli2Z01_0082.wav
<end>
[2019-09-12 21:07:26.576914]
D:\jingpin\wav\female\lihua1\lihua1@lihua1Z01_0088.wav
<begin>
D:\jingpin\wav\female\jjli2\jjli2@jjli2Z01_0083.wav
<end>
[2019-09-12 21:07:31.632446]
D:\jingpin\wav\female\lihua1\lihua1@lihua1Z01_0089.wav
<begin>
D:\jingpin\wav\female\jjli2\jjli2@jjli2Z01_0084.wav
<end>
[2019-09-12 21:07:36.753377]
D:\jingpin\wav\female\lihua1\lihua1@lihua1Z01_0090.wav
<begin>
D:\jingpin\wav\female\jjli2\jjli2@jjli2Z01_0085.wav
<end>
[2019-09-12 21:07:41.799752]
D:\jingpin\wav\female\lihua1\lihua1@lihua1Z01_0091.wav
<begin>
D:\jingpin\wav\female\jjli2\jjli2@jjli2Z01_0086.wav
<end>
[2019-09-12 21:07:46.849695]
D:\jingpin\wav\female\nilian1\nilian1@nilian1Z01_0043.wav
<begin>
D:\jingpin\wav\female\chenluxin1\chenluxin1@chenluxin1Z01_0086.wav
<end>
[2019-09-12 21:07:51.895354]
D:\jingpin\wav\female\nilian1\nilian1@nilian1Z01_0044.wav
<begin>
D:\jingpin\wav\female\chenluxin1\chenluxin1@chenluxin1Z01_0087.wav
<end>
[2019-09-12 21:07:56.943258]
D:\jingpin\wav\female\nilian1\nilian1@nilian1Z01_0045.wav
<begin>
D:\jingpin\wav\female\chenluxin1\chenluxin1@chenluxin1Z01_0088.wav
<end>
[2019-09-12 21:08:01.995647]
D:\jingpin\wav\female\nilian1\nilian1@nilian1Z01_0046.wav
<begin>
D:\jingpin\wav\female\chenluxin\chenluxin@chenluxinZ01_0089.wav
<end>
[2019-09-12 21:08:07.046216]
D:\jingpin\wav\female\nilian1\nilian1@nilian1Z01_0047.wav
<begin>
D:\jingpin\wav\female\chenluxin1\chenluxin1@chenluxin1Z01_0090.wav
<end>
[2019-09-12 21:08:12.100857]
D:\jingpin\wav\female\nilian1\nilian1@nilian1Z01_0048.wav
<begin>
D:\jingpin\wav\female\chenluxin1\chenluxin1@chenluxin1Z01_0091.wav
<end>
[2019-09-12 21:08:17.147495]
D:\jingpin\wav\female\nilian1\nilian1@nilian1Z01_0049.wav
<begin>
D:\jingpin\wav\female\jjli2\jjli2@jjli2Z01_0043.wav
<end>
[2019-09-12 21:08:22.195714]
D:\jingpin\wav\female\nilian1\nilian1@nilian1Z01_0050.wav
<begin>
D:\jingpin\wav\female\jjli2\jjli2@jjli2Z01_0044.wav
<end>
[2019-09-12 21:08:27.240721]
D:\jingpin\wav\female\nilian1\nilian1@nilian1Z01_0051.wav
<begin>
D:\jingpin\wav\female\jjli2\jjli2@jjli2Z01_0045.wav
<end>
[2019-09-12 21:08:32.337099]
D:\jingpin\wav\female\nilian1\nilian1@nilian1Z01_0052.wav
<begin>
D:\jingpin\wav\female\jjli2\jjli2@jjli2Z01_0046.wav
<end>
[2019-09-12 21:08:37.384317]
D:\jingpin\wav\female\nilian1\nilian1@nilian1Z01_0053.wav
<begin>
D:\jingpin\wav\female\jjli2\jjli2@jjli2Z01_0047.wav
<end>
[2019-09-12 21:08:42.429775]
D:\jingpin\wav\female\nilian1\nilian1@nilian1Z01_0054.wav
<begin>
D:\jingpin\wav\female\jjli2\jjli2@jjli2Z01_0048.wav
<end>
[2019-09-12 21:08:47.477746]
D:\jingpin\wav\female\nilian1\nilian1@nilian1Z01_0056.wav
<begin>
D:\jingpin\wav\female\jjli2\jjli2@jjli2Z01_0050.wav
<end>
[2019-09-12 21:08:52.520880]
D:\jingpin\wav\female\nilian1\nilian1@nilian1Z01_0057.wav
<begin>
D:\jingpin\wav\female\jjli2\jjli2@jjli2Z01_0051.wav
<end>
[2019-09-12 21:08:57.573808]
D:\jingpin\wav\female\nilian1\nilian1@nilian1Z01_0058.wav
<begin>
D:\jingpin\wav\female\jjli2\jjli2@jjli2Z01_0052.wav
<end>
[2019-09-12 21:09:03.540632]
D:\jingpin\wav\female\nilian1\nilian1@nilian1Z01_0059.wav
<begin>
D:\jingpin\wav\female\jjli2\jjli2@jjli2Z01_0053.wav
<end>
[2019-09-12 21:09:09.505299]
D:\jingpin\wav\female\nilian1\nilian1@nilian1Z01_0060.wav
<begin>
D:\jingpin\wav\female\jjli2\jjli2@jjli2Z01_0054.wav
<end>
[2019-09-12 21:09:14.554817]
D:\jingpin\wav\female\nilian1\nilian1@nilian1Z01_0061.wav
<begin>
D:\jingpin\wav\female\jjli2\jjli2@jjli2Z01_0056.wav
<end>
[2019-09-12 21:09:20.522405]
D:\jingpin\wav\female\nilian1\nilian1@nilian1Z01_0062.wav
<begin>
D:\jingpin\wav\female\jjli2\jjli2@jjli2Z01_0057.wav
<end>
[2019-09-12 21:09:26.489857]
D:\jingpin\wav\female\nilian1\nilian1@nilian1Z01_0063.wav
<begin>
D:\jingpin\wav\female\jjli2\jjli2@jjli2Z01_0058.wav
<end>
[2019-09-12 21:09:31.535875]
D:\jingpin\wav\female\nilian1\nilian1@nilian1Z01_0064.wav
<begin>
D:\jingpin\wav\female\jjli2\jjli2@jjli2Z01_0059.wav
<end>
[2019-09-12 21:09:36.585440]
D:\jingpin\wav\female\nilian1\nilian1@nilian1Z01_0065.wav
<begin>
D:\jingpin\wav\female\jjli2\jjli2@jjli2Z01_0060.wav
<end>
[2019-09-12 21:09:41.636250]
D:\jingpin\wav\female\nilian1\nilian1@nilian1Z01_0066.wav
<begin>
D:\jingpin\wav\female\jjli2\jjli2@jjli2Z01_0061.wav
<end>
[2019-09-12 21:09:46.701859]
D:\jingpin\wav\female\nilian1\nilian1@nilian1Z01_0067.wav
<begin>
D:\jingpin\wav\female\jjli2\jjli2@jjli2Z01_0062.wav
<end>
[2019-09-12 21:09:51.747824]
D:\jingpin\wav\female\nilian1\nilian1@nilian1Z01_0068.wav
<begin>
D:\jingpin\wav\female\jjli2\jjli2@jjli2Z01_0063.wav
<end>
[2019-09-12 21:09:56.792719]
D:\jingpin\wav\female\nilian1\nilian1@nilian1Z01_0069.wav
<begin>
D:\jingpin\wav\female\jjli2\jjli2@jjli2Z01_0064.wav
<end>
[2019-09-12 21:10:01.842176]
D:\jingpin\wav\female\nilian1\nilian1@nilian1Z01_0070.wav
<begin>
D:\jingpin\wav\female\jjli2\jjli2@jjli2Z01_0065.wav
<end>
[2019-09-12 21:10:06.906764]
D:\jingpin\wav\female\nilian1\nilian1@nilian1Z01_0071.wav
<begin>
D:\jingpin\wav\female\jjli2\jjli2@jjli2Z01_0066.wav
<end>
[2019-09-12 21:10:11.966130]
D:\jingpin\wav\female\nilian1\nilian1@nilian1Z01_0072.wav
<begin>
D:\jingpin\wav\female\jjli2\jjli2@jjli2Z01_0067.wav
<end>
[2019-09-12 21:10:17.033952]
D:\jingpin\wav\female\nilian1\nilian1@nilian1Z01_0073.wav
<begin>
D:\jingpin\wav\female\jjli2\jjli2@jjli2Z01_0068.wav
<end>
[2019-09-12 21:10:22.075349]
D:\jingpin\wav\female\nilian1\nilian1@nilian1Z01_0074.wav
<begin>
D:\jingpin\wav\female\jjli2\jjli2@jjli2Z01_0069.wav
<end>
[2019-09-12 21:10:27.625855]
D:\jingpin\wav\female\nilian1\nilian1@nilian1Z01_0075.wav
<begin>
D:\jingpin\wav\female\jjli2\jjli2@jjli2Z01_0070.wav
<end>
[2019-09-12 21:10:33.179086]
D:\jingpin\wav\female\nilian1\nilian1@nilian1Z01_0076.wav
<begin>
D:\jingpin\wav\female\jjli2\jjli2@jjli2Z01_0071.wav
<end>
[2019-09-12 21:10:38.227017]
D:\jingpin\wav\female\nilian1\nilian1@nilian1Z01_0077.wav
<begin>
D:\jingpin\wav\female\jjli2\jjli2@jjli2Z01_0072.wav
<end>
[2019-09-12 21:10:43.275253]
D:\jingpin\wav\female\nilian1\nilian1@nilian1Z01_0078.wav
<begin>
D:\jingpin\wav\female\jjli2\jjli2@jjli2Z01_0073.wav
<end>
[2019-09-12 21:10:48.323150]
D:\jingpin\wav\female\nilian1\nilian1@nilian1Z01_0079.wav
<begin>
D:\jingpin\wav\female\jjli2\jjli2@jjli2Z01_0074.wav
<end>
[2019-09-12 21:10:53.370048]
D:\jingpin\wav\female\nilian1\nilian1@nilian1Z01_0080.wav
<begin>
D:\jingpin\wav\female\jjli2\jjli2@jjli2Z01_0075.wav
<end>
[2019-09-12 21:10:58.413165]
D:\jingpin\wav\female\nilian1\nilian1@nilian1Z01_0081.wav
<begin>
D:\jingpin\wav\female\jjli2\jjli2@jjli2Z01_0076.wav
<end>
[2019-09-12 21:11:03.463283]
D:\jingpin\wav\female\nilian1\nilian1@nilian1Z01_0082.wav
<begin>
D:\jingpin\wav\female\jjli2\jjli2@jjli2Z01_0077.wav
<end>
[2019-09-12 21:11:08.530284]
D:\jingpin\wav\female\nilian1\nilian1@nilian1Z01_0083.wav
<begin>
D:\jingpin\wav\female\jjli2\jjli2@jjli2Z01_0078.wav
<end>
[2019-09-12 21:11:13.575830]
D:\jingpin\wav\female\nilian1\nilian1@nilian1Z01_0084.wav
<begin>
D:\jingpin\wav\female\jjli2\jjli2@jjli2Z01_0079.wav
<end>
[2019-09-12 21:11:18.635203]
D:\jingpin\wav\female\nilian1\nilian1@nilian1Z01_0085.wav
<begin>
D:\jingpin\wav\female\jjli2\jjli2@jjli2Z01_0080.wav
<end>
[2019-09-12 21:11:23.678948]
D:\jingpin\wav\female\nilian1\nilian1@nilian1Z01_0086.wav
<begin>
D:\jingpin\wav\female\jjli2\jjli2@jjli2Z01_0081.wav
<end>
[2019-09-12 21:11:28.739209]
D:\jingpin\wav\female\nilian1\nilian1@nilian1Z01_0087.wav
<begin>
D:\jingpin\wav\female\jjli2\jjli2@jjli2Z01_0082.wav
<end>
[2019-09-12 21:11:33.805707]
D:\jingpin\wav\female\nilian1\nilian1@nilian1Z01_0088.wav
<begin>
D:\jingpin\wav\female\jjli2\jjli2@jjli2Z01_0083.wav
<end>
[2019-09-12 21:11:38.857818]
D:\jingpin\wav\female\nilian1\nilian1@nilian1Z01_0089.wav
<begin>
D:\jingpin\wav\female\jjli2\jjli2@jjli2Z01_0084.wav
<end>
[2019-09-12 21:11:43.907419]
D:\jingpin\wav\female\nilian1\nilian1@nilian1Z01_0090.wav
<begin>
D:\jingpin\wav\female\jjli2\jjli2@jjli2Z01_0085.wav
<end>
[2019-09-12 21:11:48.967489]
D:\jingpin\wav\female\nilian1\nilian1@nilian1Z01_0091.wav
<begin>
D:\jingpin\wav\female\jjli2\jjli2@jjli2Z01_0086.wav
<end>
[2019-09-12 21:11:54.023011]
D:\jingpin\wav\female\sunwei1\sunwei1@sunwei1Z01_0043.wav
<begin>
D:\jingpin\wav\female\chenluxin1\chenluxin1@chenluxin1Z01_0086.wav
<end>
[2019-09-12 21:11:59.076616]
D:\jingpin\wav\female\sunwei1\sunwei1@sunwei1Z01_0044.wav
<begin>
D:\jingpin\wav\female\chenluxin1\chenluxin1@chenluxin1Z01_0087.wav
<end>
[2019-09-12 21:12:04.120352]
D:\jingpin\wav\female\sunwei1\sunwei1@sunwei1Z01_0045.wav
<begin>
D:\jingpin\wav\female\chenluxin1\chenluxin1@chenluxin1Z01_0088.wav
<end>
[2019-09-12 21:12:09.193562]
D:\jingpin\wav\female\sunwei1\sunwei1@sunwei1Z01_0046.wav
<begin>
D:\jingpin\wav\female\chenluxin\chenluxin@chenluxinZ01_0089.wav
<end>
[2019-09-12 21:12:14.244105]
D:\jingpin\wav\female\sunwei1\sunwei1@sunwei1Z01_0047.wav
<begin>
D:\jingpin\wav\female\chenluxin1\chenluxin1@chenluxin1Z01_0090.wav
<end>
[2019-09-12 21:12:19.358826]
D:\jingpin\wav\female\sunwei1\sunwei1@sunwei1Z01_0048.wav
<begin>
D:\jingpin\wav\female\chenluxin1\chenluxin1@chenluxin1Z01_0091.wav
<end>
[2019-09-12 21:12:24.404176]
D:\jingpin\wav\female\sunwei1\sunwei1@sunwei1Z01_0049.wav
<begin>
D:\jingpin\wav\female\jjli2\jjli2@jjli2Z01_0043.wav
<end>
[2019-09-12 21:12:29.458302]
D:\jingpin\wav\female\sunwei1\sunwei1@sunwei1Z01_0050.wav
<begin>
D:\jingpin\wav\female\jjli2\jjli2@jjli2Z01_0044.wav
<end>
[2019-09-12 21:12:34.558765]
D:\jingpin\wav\female\sunwei1\sunwei1@sunwei1Z01_0051.wav
<begin>
D:\jingpin\wav\female\jjli2\jjli2@jjli2Z01_0045.wav
<end>
[2019-09-12 21:12:39.677383]
D:\jingpin\wav\female\sunwei1\sunwei1@sunwei1Z01_0052.wav
<begin>
D:\jingpin\wav\female\jjli2\jjli2@jjli2Z01_0046.wav
<end>
[2019-09-12 21:12:44.739176]
D:\jingpin\wav\female\sunwei1\sunwei1@sunwei1Z01_0053.wav
<begin>
D:\jingpin\wav\female\jjli2\jjli2@jjli2Z01_0047.wav
<end>
[2019-09-12 21:12:49.786790]
D:\jingpin\wav\female\sunwei1\sunwei1@sunwei1Z01_0054.wav
<begin>
D:\jingpin\wav\female\jjli2\jjli2@jjli2Z01_0048.wav
<end>
[2019-09-12 21:12:54.832845]
D:\jingpin\wav\female\sunwei1\sunwei1@sunwei1Z01_0056.wav
<begin>
D:\jingpin\wav\female\jjli2\jjli2@jjli2Z01_0050.wav
<end>
[2019-09-12 21:12:59.934511]
D:\jingpin\wav\female\sunwei1\sunwei1@sunwei1Z01_0057.wav
<begin>
D:\jingpin\wav\female\jjli2\jjli2@jjli2Z01_0051.wav
<end>
[2019-09-12 21:13:05.003818]
D:\jingpin\wav\female\sunwei1\sunwei1@sunwei1Z01_0058.wav
<begin>
D:\jingpin\wav\female\jjli2\jjli2@jjli2Z01_0052.wav
<end>
[2019-09-12 21:13:10.989924]
D:\jingpin\wav\female\sunwei1\sunwei1@sunwei1Z01_0059.wav
<begin>
D:\jingpin\wav\female\jjli2\jjli2@jjli2Z01_0053.wav
<end>
[2019-09-12 21:13:16.963608]
D:\jingpin\wav\female\sunwei1\sunwei1@sunwei1Z01_0060.wav
<begin>
D:\jingpin\wav\female\jjli2\jjli2@jjli2Z01_0054.wav
<end>
[2019-09-12 21:13:22.063299]
D:\jingpin\wav\female\sunwei1\sunwei1@sunwei1Z01_0061.wav
<begin>
D:\jingpin\wav\female\jjli2\jjli2@jjli2Z01_0056.wav
<end>
[2019-09-12 21:13:28.033673]
D:\jingpin\wav\female\sunwei1\sunwei1@sunwei1Z01_0062.wav
<begin>
D:\jingpin\wav\female\jjli2\jjli2@jjli2Z01_0057.wav
<end>
[2019-09-12 21:13:33.996173]
D:\jingpin\wav\female\sunwei1\sunwei1@sunwei1Z01_0063.wav
<begin>
D:\jingpin\wav\female\jjli2\jjli2@jjli2Z01_0058.wav
<end>
[2019-09-12 21:13:39.040805]
D:\jingpin\wav\female\sunwei1\sunwei1@sunwei1Z01_0064.wav
<begin>
D:\jingpin\wav\female\jjli2\jjli2@jjli2Z01_0059.wav
<end>
[2019-09-12 21:13:44.086360]
D:\jingpin\wav\female\sunwei1\sunwei1@sunwei1Z01_0065.wav
<begin>
D:\jingpin\wav\female\jjli2\jjli2@jjli2Z01_0060.wav
<end>
[2019-09-12 21:13:49.185890]
D:\jingpin\wav\female\sunwei1\sunwei1@sunwei1Z01_0066.wav
<begin>
D:\jingpin\wav\female\jjli2\jjli2@jjli2Z01_0061.wav
<end>
[2019-09-12 21:13:54.253674]
D:\jingpin\wav\female\sunwei1\sunwei1@sunwei1Z01_0067.wav
<begin>
D:\jingpin\wav\female\jjli2\jjli2@jjli2Z01_0062.wav
<end>
[2019-09-12 21:13:59.317857]
D:\jingpin\wav\female\sunwei1\sunwei1@sunwei1Z01_0068.wav
<begin>
D:\jingpin\wav\female\jjli2\jjli2@jjli2Z01_0063.wav
<end>
[2019-09-12 21:14:04.383014]
D:\jingpin\wav\female\sunwei1\sunwei1@sunwei1Z01_0069.wav
<begin>
D:\jingpin\wav\female\jjli2\jjli2@jjli2Z01_0064.wav
<end>
[2019-09-12 21:14:09.456866]
D:\jingpin\wav\female\sunwei1\sunwei1@sunwei1Z01_0070.wav
<begin>
D:\jingpin\wav\female\jjli2\jjli2@jjli2Z01_0065.wav
<end>
[2019-09-12 21:14:14.506007]
D:\jingpin\wav\female\sunwei1\sunwei1@sunwei1Z01_0071.wav
<begin>
D:\jingpin\wav\female\jjli2\jjli2@jjli2Z01_0066.wav
<end>
[2019-09-12 21:14:19.557348]
D:\jingpin\wav\female\sunwei1\sunwei1@sunwei1Z01_0072.wav
<begin>
D:\jingpin\wav\female\jjli2\jjli2@jjli2Z01_0067.wav
<end>
[2019-09-12 21:14:24.606064]
D:\jingpin\wav\female\sunwei1\sunwei1@sunwei1Z01_0073.wav
<begin>
D:\jingpin\wav\female\jjli2\jjli2@jjli2Z01_0068.wav
<end>
[2019-09-12 21:14:29.701289]
D:\jingpin\wav\female\sunwei1\sunwei1@sunwei1Z01_0074.wav
<begin>
D:\jingpin\wav\female\jjli2\jjli2@jjli2Z01_0069.wav
<end>
[2019-09-12 21:14:35.251563]
D:\jingpin\wav\female\sunwei1\sunwei1@sunwei1Z01_0075.wav
<begin>
D:\jingpin\wav\female\jjli2\jjli2@jjli2Z01_0070.wav
<end>
[2019-09-12 21:14:40.791407]
D:\jingpin\wav\female\sunwei1\sunwei1@sunwei1Z01_0076.wav
<begin>
D:\jingpin\wav\female\jjli2\jjli2@jjli2Z01_0071.wav
<end>
[2019-09-12 21:14:45.836183]
D:\jingpin\wav\female\sunwei1\sunwei1@sunwei1Z01_0077.wav
<begin>
D:\jingpin\wav\female\jjli2\jjli2@jjli2Z01_0072.wav
<end>
[2019-09-12 21:14:50.887864]
D:\jingpin\wav\female\sunwei1\sunwei1@sunwei1Z01_0078.wav
<begin>
D:\jingpin\wav\female\jjli2\jjli2@jjli2Z01_0073.wav
<end>
[2019-09-12 21:14:55.933946]
D:\jingpin\wav\female\sunwei1\sunwei1@sunwei1Z01_0079.wav
<begin>
D:\jingpin\wav\female\jjli2\jjli2@jjli2Z01_0074.wav
<end>
[2019-09-12 21:15:00.981247]
D:\jingpin\wav\female\sunwei1\sunwei1@sunwei1Z01_0080.wav
<begin>
D:\jingpin\wav\female\jjli2\jjli2@jjli2Z01_0075.wav
<end>
[2019-09-12 21:15:06.029451]
D:\jingpin\wav\female\sunwei1\sunwei1@sunwei1Z01_0081.wav
<begin>
D:\jingpin\wav\female\jjli2\jjli2@jjli2Z01_0076.wav
<end>
[2019-09-12 21:15:11.032897]
D:\jingpin\wav\female\sunwei1\sunwei1@sunwei1Z01_0082.wav
<begin>
D:\jingpin\wav\female\jjli2\jjli2@jjli2Z01_0077.wav
<end>
[2019-09-12 21:15:16.126235]
D:\jingpin\wav\female\sunwei1\sunwei1@sunwei1Z01_0083.wav
<begin>
D:\jingpin\wav\female\jjli2\jjli2@jjli2Z01_0078.wav
<end>
[2019-09-12 21:15:21.179259]
D:\jingpin\wav\female\sunwei1\sunwei1@sunwei1Z01_0084.wav
<begin>
D:\jingpin\wav\female\jjli2\jjli2@jjli2Z01_0079.wav
<end>
[2019-09-12 21:15:26.277587]
D:\jingpin\wav\female\sunwei1\sunwei1@sunwei1Z01_0085.wav
<begin>
D:\jingpin\wav\female\jjli2\jjli2@jjli2Z01_0080.wav
<end>
[2019-09-12 21:15:31.323350]
D:\jingpin\wav\female\sunwei1\sunwei1@sunwei1Z01_0086.wav
<begin>
D:\jingpin\wav\female\jjli2\jjli2@jjli2Z01_0081.wav
<end>
[2019-09-12 21:15:36.379933]
D:\jingpin\wav\female\sunwei1\sunwei1@sunwei1Z01_0087.wav
<begin>
D:\jingpin\wav\female\jjli2\jjli2@jjli2Z01_0082.wav
<end>
[2019-09-12 21:15:41.430261]
D:\jingpin\wav\female\sunwei1\sunwei1@sunwei1Z01_0088.wav
<begin>
D:\jingpin\wav\female\jjli2\jjli2@jjli2Z01_0083.wav
<end>
[2019-09-12 21:15:46.476626]
D:\jingpin\wav\female\sunwei1\sunwei1@sunwei1Z01_0089.wav
<begin>
D:\jingpin\wav\female\jjli2\jjli2@jjli2Z01_0084.wav
<end>
[2019-09-12 21:15:51.524220]
D:\jingpin\wav\female\sunwei1\sunwei1@sunwei1Z01_0090.wav
<begin>
D:\jingpin\wav\female\jjli2\jjli2@jjli2Z01_0085.wav
<end>
[2019-09-12 21:15:56.595674]
D:\jingpin\wav\female\sunwei1\sunwei1@sunwei1Z01_0091.wav
<begin>
D:\jingpin\wav\female\jjli2\jjli2@jjli2Z01_0086.wav
<end>
