begin with 2019/09/12 20:31:25

[2019-09-12 20:31:26.530] info ver
[2019-09-12 20:31:26.532] Version: feature_low16_xiaomei-8bf903a, build: Sep 12 2019 18:10:09 BACH_ADDA: 1, BACH_ADC_32: 1, DENOISE: 0
[2019-09-12 20:53:58.390] IET>
[2019-09-12 20:54:43.080]  xm_isr_index_result SpottingWordList[36][21459] 最大风
[2019-09-12 20:55:37.241]
[2019-09-12 20:55:37.241]  xm_isr_index_result SpottingWordList[21][28641] 二十一度
[2019-09-12 20:55:42.569]
[2019-09-12 20:55:42.569]  xm_isr_index_result SpottingWordList[27][22030] 二十七度
[2019-09-12 20:56:02.344]
[2019-09-12 20:56:02.345]  xm_isr_index_result SpottingWordList[25][25470] 二十五度
[2019-09-12 20:56:07.781]
[2019-09-12 20:56:07.781]  xm_isr_index_result SpottingWordList[28][30172] 二十八度
[2019-09-12 20:56:18.008]
[2019-09-12 20:56:18.008]  xm_isr_index_result SpottingWordList[25][21804] 二十五度
[2019-09-12 20:56:27.671]
[2019-09-12 20:56:27.671]  xm_isr_index_result SpottingWordList[1][21804] 你好小美
[2019-09-12 20:56:33.133]
[2019-09-12 20:56:33.133]  xm_isr_index_result SpottingWordList[41][29898] 停止摆动
[2019-09-12 20:56:38.379]
[2019-09-12 20:56:38.379]  xm_isr_index_result SpottingWordList[7][20516] 送风模式
[2019-09-12 20:56:44.722]
[2019-09-12 20:56:44.722]  xm_isr_index_result SpottingWordList[47][27652] 关闭空气清新
[2019-09-12 20:56:50.126]
[2019-09-12 20:56:50.126]  xm_isr_index_result SpottingWordList[3][30965] 关闭空调
[2019-09-12 20:57:17.179]
[2019-09-12 20:57:17.179]  xm_isr_index_result SpottingWordList[4][27376] 制冷模式
[2019-09-12 20:57:22.029]
[2019-09-12 20:57:22.031]  xm_isr_index_result SpottingWordList[5][26941] 制热模式
[2019-09-12 20:57:32.028]
[2019-09-12 20:57:32.028]  xm_isr_index_result SpottingWordList[19][28291] 十九度
[2019-09-12 20:57:37.099]
[2019-09-12 20:57:37.099]  xm_isr_index_result SpottingWordList[18][30648] 十八度
[2019-09-12 20:57:47.442]
[2019-09-12 20:57:47.442]  xm_isr_index_result SpottingWordList[14][20992] 升高五度
[2019-09-12 20:57:52.442]
[2019-09-12 20:57:52.442]  xm_isr_index_result SpottingWordList[14][29367] 升高五度
[2019-09-12 20:57:57.710]
[2019-09-12 20:57:57.710]  xm_isr_index_result SpottingWordList[30][28230] 增大风速
[2019-09-12 20:58:13.676]
[2019-09-12 20:58:13.676]  xm_isr_index_result SpottingWordList[39][27376] 左右摆动
[2019-09-12 20:58:23.708]
[2019-09-12 20:58:23.708]  xm_isr_index_result SpottingWordList[2][31118] 打开空调
[2019-09-12 20:58:33.484]
[2019-09-12 20:58:33.484]  xm_isr_index_result SpottingWordList[34][27851] 最小风
[2019-09-12 20:58:39.037]
[2019-09-12 20:58:39.037]  xm_isr_index_result SpottingWordList[8][21343] 睡眠模式
[2019-09-12 20:58:59.486]
[2019-09-12 20:58:59.487]  xm_isr_index_result SpottingWordList[7][29462] 送风模式
[2019-09-12 20:59:04.314]
[2019-09-12 20:59:04.317]  xm_isr_index_result SpottingWordList[13][21804] 降低一度
[2019-09-12 20:59:14.506]
[2019-09-12 20:59:14.506]  xm_isr_index_result SpottingWordList[6][29815] 除湿模式
[2019-09-12 20:59:19.304]
[2019-09-12 20:59:19.304]  xm_isr_index_result SpottingWordList[32][21917] 风大点
[2019-09-12 20:59:29.479]
[2019-09-12 20:59:29.479]  xm_isr_index_result SpottingWordList[37][29898] 高速风
[2019-09-12 20:59:34.670]
[2019-09-12 20:59:34.670]  xm_isr_index_result SpottingWordList[40][25381] 上下摆动
[2019-09-12 20:59:39.787]
[2019-09-12 20:59:39.788]  xm_isr_index_result SpottingWordList[35][27516] 中等风
[2019-09-12 20:59:44.648]
[2019-09-12 20:59:44.648]  xm_isr_index_result SpottingWordList[21][22586] 二十一度
[2019-09-12 20:59:54.680]
[2019-09-12 20:59:54.680]  xm_isr_index_result SpottingWordList[23][30488] 二十三度
[2019-09-12 20:59:59.721]
[2019-09-12 20:59:59.722]  xm_isr_index_result SpottingWordList[29][20874] 二十九度
[2019-09-12 21:00:04.715]
[2019-09-12 21:00:04.715]  xm_isr_index_result SpottingWordList[22][20992] 二十二度
[2019-09-12 21:00:09.789]
[2019-09-12 21:00:09.789]  xm_isr_index_result SpottingWordList[25][28807] 二十五度
[2019-09-12 21:00:15.207]
[2019-09-12 21:00:15.207]  xm_isr_index_result SpottingWordList[28][29122] 二十八度
[2019-09-12 21:00:25.035]
[2019-09-12 21:00:25.035]  xm_isr_index_result SpottingWordList[24][28527] 二十四度
[2019-09-12 21:00:29.960]
[2019-09-12 21:00:29.960]  xm_isr_index_result SpottingWordList[20][23854] 二十度
[2019-09-12 21:00:35.157]
[2019-09-12 21:00:35.157]  xm_isr_index_result SpottingWordList[1][30421] 你好小美
[2019-09-12 21:00:40.236]
[2019-09-12 21:00:40.236]  xm_isr_index_result SpottingWordList[41][29462] 停止摆动
[2019-09-12 21:00:51.705]
[2019-09-12 21:00:51.705]  xm_isr_index_result SpottingWordList[47][29320] 关闭空气清新
[2019-09-12 21:00:57.338]
[2019-09-12 21:00:57.338]  xm_isr_index_result SpottingWordList[3][30134] 关闭空调
[2019-09-12 21:01:02.716]
[2019-09-12 21:01:02.716]  xm_isr_index_result SpottingWordList[45][29643] 关闭节能模式
[2019-09-12 21:01:08.717]
[2019-09-12 21:01:08.717]  xm_isr_index_result SpottingWordList[48][29938] 关闭语音模式
[2019-09-12 21:01:14.316]
[2019-09-12 21:01:14.316]  xm_isr_index_result SpottingWordList[44][30965] 关闭除湿
[2019-09-12 21:01:19.516]
[2019-09-12 21:01:19.516]  xm_isr_index_result SpottingWordList[31][31093] 减小风速
[2019-09-12 21:01:24.378]
[2019-09-12 21:01:24.378]  xm_isr_index_result SpottingWordList[4][28169] 制冷模式
[2019-09-12 21:01:29.516]
[2019-09-12 21:01:29.516]  xm_isr_index_result SpottingWordList[5][27916] 制热模式
[2019-09-12 21:01:34.477]
[2019-09-12 21:01:34.477]  xm_isr_index_result SpottingWordList[17][29172] 十七度
[2019-09-12 21:01:44.442]
[2019-09-12 21:01:44.442]  xm_isr_index_result SpottingWordList[18][29815] 十八度
[2019-09-12 21:01:49.405]
[2019-09-12 21:01:49.405]  xm_isr_index_result SpottingWordList[16][28752] 十六度
[2019-09-12 21:01:54.694]
[2019-09-12 21:01:54.694]  xm_isr_index_result SpottingWordList[12][26236] 升高一度
[2019-09-12 21:01:59.736]
[2019-09-12 21:01:59.736]  xm_isr_index_result SpottingWordList[14][30057] 升高五度
[2019-09-12 21:02:04.858]
[2019-09-12 21:02:04.858]  xm_isr_index_result SpottingWordList[30][29815] 增大风速
[2019-09-12 21:02:10.012]
[2019-09-12 21:02:10.012]  xm_isr_index_result SpottingWordList[42][23649] 定时一小时
[2019-09-12 21:02:20.967]
[2019-09-12 21:02:20.967]  xm_isr_index_result SpottingWordList[39][30710] 左右摆动
[2019-09-12 21:02:26.137]
[2019-09-12 21:02:26.137]  xm_isr_index_result SpottingWordList[38][28915] 强劲风
[2019-09-12 21:02:31.163]
[2019-09-12 21:02:31.163]  xm_isr_index_result SpottingWordList[2][31142] 打开空调
[2019-09-12 21:02:36.087]
[2019-09-12 21:02:36.087]  xm_isr_index_result SpottingWordList[30][21109] 增大风速
[2019-09-12 21:02:41.034]
[2019-09-12 21:02:41.034]  xm_isr_index_result SpottingWordList[31][20755] 减小风速
[2019-09-12 21:02:51.270]
[2019-09-12 21:02:51.270]  xm_isr_index_result SpottingWordList[10][31325] 空气净化
[2019-09-12 21:02:56.264]
[2019-09-12 21:02:56.264]  xm_isr_index_result SpottingWordList[11][29122] 空气清新
[2019-09-12 21:03:11.574]
[2019-09-12 21:03:11.577]  xm_isr_index_result SpottingWordList[13][28469] 降低一度
[2019-09-12 21:03:16.615]
[2019-09-12 21:03:16.615]  xm_isr_index_result SpottingWordList[15][26713] 降低五度
[2019-09-12 21:03:21.833]
[2019-09-12 21:03:21.833]  xm_isr_index_result SpottingWordList[6][29172] 除湿模式
[2019-09-12 21:03:26.759]
[2019-09-12 21:03:26.759]  xm_isr_index_result SpottingWordList[32][30057] 风大点
[2019-09-12 21:03:31.766]
[2019-09-12 21:03:31.766]  xm_isr_index_result SpottingWordList[33][22143] 风小点
[2019-09-12 21:03:36.810]
[2019-09-12 21:03:36.810]  xm_isr_index_result SpottingWordList[37][22912] 高速风
[2019-09-12 21:03:42.101]
[2019-09-12 21:03:42.101]  xm_isr_index_result SpottingWordList[40][29071] 上下摆动
[2019-09-12 21:03:46.854]
[2019-09-12 21:03:46.854]  xm_isr_index_result SpottingWordList[35][24449] 中等风
[2019-09-12 21:03:52.014]
[2019-09-12 21:03:52.014]  xm_isr_index_result SpottingWordList[21][23338] 二十一度
[2019-09-12 21:04:02.347]
[2019-09-12 21:04:02.347]  xm_isr_index_result SpottingWordList[28][29320] 二十八度
[2019-09-12 21:04:12.211]
[2019-09-12 21:04:12.211]  xm_isr_index_result SpottingWordList[22][27306] 二十二度
[2019-09-12 21:04:17.383]
[2019-09-12 21:04:17.383]  xm_isr_index_result SpottingWordList[25][23752] 二十五度
[2019-09-12 21:04:42.487]
[2019-09-12 21:04:42.487]  xm_isr_index_result SpottingWordList[1][24831] 你好小美
[2019-09-12 21:04:48.139]
[2019-09-12 21:04:48.140]  xm_isr_index_result SpottingWordList[41][21574] 停止摆动
[2019-09-12 21:05:04.874]
[2019-09-12 21:05:04.874]  xm_isr_index_result SpottingWordList[3][30679] 关闭空调
[2019-09-12 21:05:10.266]
[2019-09-12 21:05:10.266]  xm_isr_index_result SpottingWordList[45][26478] 关闭节能模式
[2019-09-12 21:05:16.139]
[2019-09-12 21:05:16.139]  xm_isr_index_result SpottingWordList[48][25988] 关闭语音模式
[2019-09-12 21:05:21.848]
[2019-09-12 21:05:21.848]  xm_isr_index_result SpottingWordList[44][21109] 关闭除湿
[2019-09-12 21:05:27.017]
[2019-09-12 21:05:27.017]  xm_isr_index_result SpottingWordList[31][29898] 减小风速
[2019-09-12 21:05:36.938]
[2019-09-12 21:05:36.938]  xm_isr_index_result SpottingWordList[5][25381] 制热模式
[2019-09-12 21:05:46.873]
[2019-09-12 21:05:46.874]  xm_isr_index_result SpottingWordList[19][26398] 十九度
[2019-09-12 21:05:51.816]
[2019-09-12 21:05:51.817]  xm_isr_index_result SpottingWordList[18][29019] 十八度
[2019-09-12 21:06:02.176]
[2019-09-12 21:06:02.176]  xm_isr_index_result SpottingWordList[12][29815] 升高一度
[2019-09-12 21:06:07.448]
[2019-09-12 21:06:07.448]  xm_isr_index_result SpottingWordList[14][28106] 升高五度
[2019-09-12 21:06:12.427]
[2019-09-12 21:06:12.427]  xm_isr_index_result SpottingWordList[30][30352] 增大风速
[2019-09-12 21:06:38.757]
[2019-09-12 21:06:38.757]  xm_isr_index_result SpottingWordList[2][30938] 打开空调
[2019-09-12 21:06:43.610]
[2019-09-12 21:06:43.610]  xm_isr_index_result SpottingWordList[30][23546] 增大风速
[2019-09-12 21:06:48.614]
[2019-09-12 21:06:48.614]  xm_isr_index_result SpottingWordList[34][30617] 最小风
[2019-09-12 21:06:58.711]
[2019-09-12 21:06:58.712]  xm_isr_index_result SpottingWordList[10][26071] 空气净化
[2019-09-12 21:07:08.949]
[2019-09-12 21:07:08.949]  xm_isr_index_result SpottingWordList[9][27652] 节能模式
[2019-09-12 21:07:14.039]
[2019-09-12 21:07:14.039]  xm_isr_index_result SpottingWordList[7][22586] 送风模式
[2019-09-12 21:07:24.117]
[2019-09-12 21:07:24.117]  xm_isr_index_result SpottingWordList[15][29222] 降低五度
[2019-09-12 21:07:44.147]
[2019-09-12 21:07:44.147]  xm_isr_index_result SpottingWordList[37][21343] 高速风
[2019-09-12 21:07:49.384]
[2019-09-12 21:07:49.384]  xm_isr_index_result SpottingWordList[40][27089] 上下摆动
[2019-09-12 21:07:54.340]
[2019-09-12 21:07:54.340]  xm_isr_index_result SpottingWordList[35][29462] 中等风
[2019-09-12 21:07:59.266]
[2019-09-12 21:07:59.266]  xm_isr_index_result SpottingWordList[21][29553] 二十一度
[2019-09-12 21:08:04.517]
[2019-09-12 21:08:04.517]  xm_isr_index_result SpottingWordList[27][29122] 二十七度
[2019-09-12 21:08:09.607]
[2019-09-12 21:08:09.607]  xm_isr_index_result SpottingWordList[23][26318] 二十三度
[2019-09-12 21:08:24.742]
[2019-09-12 21:08:24.742]  xm_isr_index_result SpottingWordList[25][26713] 二十五度
[2019-09-12 21:08:49.859]
[2019-09-12 21:08:49.859]  xm_isr_index_result SpottingWordList[1][20992] 你好小美
[2019-09-12 21:09:17.732]
[2019-09-12 21:09:17.732]  xm_isr_index_result SpottingWordList[45][20874] 关闭节能模式
[2019-09-12 21:09:34.296]
[2019-09-12 21:09:34.296]  xm_isr_index_result SpottingWordList[31][30617] 减小风速
[2019-09-12 21:09:53.923]
[2019-09-12 21:09:53.923]  xm_isr_index_result SpottingWordList[19][24351] 十九度
[2019-09-12 21:09:58.965]
[2019-09-12 21:09:58.965]  xm_isr_index_result SpottingWordList[18][27516] 十八度
[2019-09-12 21:10:09.317]
[2019-09-12 21:10:09.324]  xm_isr_index_result SpottingWordList[14][29271] 升高五度
[2019-09-12 21:10:14.528]
[2019-09-12 21:10:14.530]  xm_isr_index_result SpottingWordList[14][27785] 升高五度
[2019-09-12 21:10:19.636]
[2019-09-12 21:10:19.636]  xm_isr_index_result SpottingWordList[30][29019] 增大风速
[2019-09-12 21:10:36.017]
[2019-09-12 21:10:36.017]  xm_isr_index_result SpottingWordList[39][29271] 左右摆动
[2019-09-12 21:10:40.943]
[2019-09-12 21:10:40.943]  xm_isr_index_result SpottingWordList[38][29553] 强劲风
[2019-09-12 21:10:45.844]
[2019-09-12 21:10:45.844]  xm_isr_index_result SpottingWordList[2][25470] 打开空调
[2019-09-12 21:10:50.755]
[2019-09-12 21:10:50.755]  xm_isr_index_result SpottingWordList[36][29508] 最大风
[2019-09-12 21:10:56.032]
[2019-09-12 21:10:56.032]  xm_isr_index_result SpottingWordList[34][27516] 最小风
[2019-09-12 21:11:06.079]
[2019-09-12 21:11:06.079]  xm_isr_index_result SpottingWordList[10][30281] 空气净化
[2019-09-12 21:11:21.150]
[2019-09-12 21:11:21.150]  xm_isr_index_result SpottingWordList[7][21343] 送风模式
[2019-09-12 21:11:26.146]
[2019-09-12 21:11:26.146]  xm_isr_index_result SpottingWordList[15][28861] 降低五度
[2019-09-12 21:11:31.107]
[2019-09-12 21:11:31.107]  xm_isr_index_result SpottingWordList[15][27376] 降低五度
[2019-09-12 21:11:41.041]
[2019-09-12 21:11:41.043]  xm_isr_index_result SpottingWordList[32][26398] 风大点
[2019-09-12 21:11:51.232]
[2019-09-12 21:11:51.232]  xm_isr_index_result SpottingWordList[37][30769] 高速风
[2019-09-12 21:11:56.622]
[2019-09-12 21:11:56.623]  xm_isr_index_result SpottingWordList[40][25109] 上下摆动
[2019-09-12 21:12:01.711]
[2019-09-12 21:12:01.711]  xm_isr_index_result SpottingWordList[35][29773] 中等风
[2019-09-12 21:12:11.892]
[2019-09-12 21:12:11.892]  xm_isr_index_result SpottingWordList[23][25732] 二十三度
[2019-09-12 21:12:32.078]
[2019-09-12 21:12:32.078]  xm_isr_index_result SpottingWordList[25][27584] 二十五度
[2019-09-12 21:12:37.311]
[2019-09-12 21:12:37.311]  xm_isr_index_result SpottingWordList[22][21917] 二十二度
[2019-09-12 21:12:42.381]
[2019-09-12 21:12:42.381]  xm_isr_index_result SpottingWordList[26][21226] 二十六度
[2019-09-12 21:13:02.862]
[2019-09-12 21:13:02.862]  xm_isr_index_result SpottingWordList[41][24055] 停止摆动
[2019-09-12 21:13:19.709]
[2019-09-12 21:13:19.709]  xm_isr_index_result SpottingWordList[3][20992] 关闭空调
[2019-09-12 21:13:41.981]
[2019-09-12 21:13:41.981]  xm_isr_index_result SpottingWordList[31][27015] 减小风速
[2019-09-12 21:13:52.034]
[2019-09-12 21:13:52.034]  xm_isr_index_result SpottingWordList[5][30648] 制热模式
[2019-09-12 21:14:01.819]
[2019-09-12 21:14:01.819]  xm_isr_index_result SpottingWordList[19][21226] 十九度
[2019-09-12 21:14:06.925]
[2019-09-12 21:14:06.925]  xm_isr_index_result SpottingWordList[18][25381] 十八度
[2019-09-12 21:14:11.881]
[2019-09-12 21:14:11.883]  xm_isr_index_result SpottingWordList[16][28351] 十六度
[2019-09-12 21:14:17.163]
[2019-09-12 21:14:17.163]  xm_isr_index_result SpottingWordList[12][26398] 升高一度
[2019-09-12 21:14:22.364]
[2019-09-12 21:14:22.364]  xm_isr_index_result SpottingWordList[14][28915] 升高五度
[2019-09-12 21:14:27.322]
[2019-09-12 21:14:27.322]  xm_isr_index_result SpottingWordList[30][29415] 增大风速
[2019-09-12 21:14:43.419]
[2019-09-12 21:14:43.419]  xm_isr_index_result SpottingWordList[39][30648] 左右摆动
[2019-09-12 21:14:53.785]
[2019-09-12 21:14:53.785]  xm_isr_index_result SpottingWordList[2][30938] 打开空调
[2019-09-12 21:15:18.841]
[2019-09-12 21:15:18.841]  xm_isr_index_result SpottingWordList[37][29815] 高速风
[2019-09-12 21:15:29.096]
[2019-09-12 21:15:29.096]  xm_isr_index_result SpottingWordList[7][30245] 送风模式
[2019-09-12 21:15:59.133]
[2019-09-12 21:15:59.133]  xm_isr_index_result SpottingWordList[37][31190] 高速风
[2019-09-12 21:29:42.388] ^C
[2019-09-12 21:29:42.391] IET>^C
[2019-09-12 21:29:42.537] IET>